[INFO] Scanning for projects...
[INFO] 
[INFO] ----------------------< com.interviewsim:backend >----------------------
[INFO] Building interview-simulator-backend 0.0.1-SNAPSHOT
[INFO]   from pom.xml
[INFO] --------------------------------[ jar ]---------------------------------
[INFO] 
[INFO] >>> spring-boot:3.3.5:run (default-cli) > test-compile @ backend >>>
[INFO] 
[INFO] --- resources:3.3.1:resources (default-resources) @ backend ---
[INFO] Copying 1 resource from src\main\resources to target\classes
[INFO] Copying 0 resource from src\main\resources to target\classes
[INFO] 
[INFO] --- compiler:3.13.0:compile (default-compile) @ backend ---
[INFO] Recompiling the module because of changed source code.
[INFO] Compiling 15 source files with javac [debug parameters release 17] to target\classes
[INFO] 
[INFO] --- resources:3.3.1:testResources (default-testResources) @ backend ---
[INFO] skip non existing resourceDirectory D:\Interview_APP\Interview_App\backend\src\test\resources
[INFO] 
[INFO] --- compiler:3.13.0:testCompile (default-testCompile) @ backend ---
[INFO] No sources to compile
[INFO] 
[INFO] <<< spring-boot:3.3.5:run (default-cli) < test-compile @ backend <<<
[INFO] 
[INFO] 
[INFO] --- spring-boot:3.3.5:run (default-cli) @ backend ---
[INFO] Attaching agents: []

  .   ____          _            __ _ _
 /\\ / ___'_ __ _ _(_)_ __  __ _ \ \ \ \
( ( )\___ | '_ | '_| | '_ \/ _` | \ \ \ \
 \\/  ___)| |_)| | | | | || (_| |  ) ) ) )
  '  |____| .__|_| |_|_| |_\__, | / / / /
 =========|_|==============|___/=/_/_/_/

 :: Spring Boot ::                (v3.3.5)

2026-04-18T18:17:10.054+05:30  INFO 15884 --- [interview-simulator-backend] [           main] c.i.app.InterviewSimulatorApplication    : Starting InterviewSimulatorApplication using Java 17.0.10 with PID 15884 (D:\Interview_APP\Interview_App\backend\target\classes started by ASUS in D:\Interview_APP\Interview_App\backend)
2026-04-18T18:17:10.063+05:30  INFO 15884 --- [interview-simulator-backend] [           main] c.i.app.InterviewSimulatorApplication    : No active profile set, falling back to 1 default profile: "default"
2026-04-18T18:17:12.127+05:30  INFO 15884 --- [interview-simulator-backend] [           main] .s.d.r.c.RepositoryConfigurationDelegate : Bootstrapping Spring Data JPA repositories in DEFAULT mode.
2026-04-18T18:17:12.281+05:30  INFO 15884 --- [interview-simulator-backend] [           main] .s.d.r.c.RepositoryConfigurationDelegate : Finished Spring Data repository scanning in 132 ms. Found 2 JPA repository interfaces.
2026-04-18T18:17:13.695+05:30  INFO 15884 --- [interview-simulator-backend] [           main] o.s.b.w.embedded.tomcat.TomcatWebServer  : Tomcat initialized with port 8080 (http)
2026-04-18T18:17:13.750+05:30  INFO 15884 --- [interview-simulator-backend] [           main] o.apache.catalina.core.StandardService   : Starting service [Tomcat]
2026-04-18T18:17:13.752+05:30  INFO 15884 --- [interview-simulator-backend] [           main] o.apache.catalina.core.StandardEngine    : Starting Servlet engine: [Apache Tomcat/10.1.31]
2026-04-18T18:17:13.916+05:30  INFO 15884 --- [interview-simulator-backend] [           main] o.a.c.c.C.[Tomcat].[localhost].[/]       : Initializing Spring embedded WebApplicationContext
2026-04-18T18:17:13.921+05:30  INFO 15884 --- [interview-simulator-backend] [           main] w.s.c.ServletWebServerApplicationContext : Root WebApplicationContext: initialization completed in 3712 ms
2026-04-18T18:17:14.459+05:30  INFO 15884 --- [interview-simulator-backend] [           main] o.hibernate.jpa.internal.util.LogHelper  : HHH000204: Processing PersistenceUnitInfo [name: default]
2026-04-18T18:17:14.636+05:30  INFO 15884 --- [interview-simulator-backend] [           main] org.hibernate.Version                    : HHH000412: Hibernate ORM core version 6.5.3.Final
2026-04-18T18:17:14.753+05:30  INFO 15884 --- [interview-simulator-backend] [           main] o.h.c.internal.RegionFactoryInitiator    : HHH000026: Second-level cache disabled
2026-04-18T18:17:15.738+05:30  INFO 15884 --- [interview-simulator-backend] [           main] o.s.o.j.p.SpringPersistenceUnitInfo      : No LoadTimeWeaver setup: ignoring JPA class transformer
2026-04-18T18:17:15.814+05:30  INFO 15884 --- [interview-simulator-backend] [           main] com.zaxxer.hikari.HikariDataSource       : HikariPool-1 - Starting...
2026-04-18T18:17:16.723+05:30  INFO 15884 --- [interview-simulator-backend] [           main] com.zaxxer.hikari.pool.HikariPool        : HikariPool-1 - Added connection com.mysql.cj.jdbc.ConnectionImpl@60dcf9ec
2026-04-18T18:17:16.730+05:30  INFO 15884 --- [interview-simulator-backend] [           main] com.zaxxer.hikari.HikariDataSource       : HikariPool-1 - Start completed.
2026-04-18T18:17:22.281+05:30  INFO 15884 --- [interview-simulator-backend] [           main] o.h.e.t.j.p.i.JtaPlatformInitiator       : HHH000489: No JTA platform available (set 'hibernate.transaction.jta.platform' to enable JTA platform integration)
2026-04-18T18:17:23.314+05:30  INFO 15884 --- [interview-simulator-backend] [           main] j.LocalContainerEntityManagerFactoryBean : Initialized JPA EntityManagerFactory for persistence unit 'default'
2026-04-18T18:17:25.979+05:30  INFO 15884 --- [interview-simulator-backend] [           main] o.s.b.w.embedded.tomcat.TomcatWebServer  : Tomcat started on port 8080 (http) with context path '/'
2026-04-18T18:17:26.009+05:30  INFO 15884 --- [interview-simulator-backend] [           main] c.i.app.InterviewSimulatorApplication    : Started InterviewSimulatorApplication in 16.93 seconds (process running for 18.134)
2026-04-18T18:17:44.341+05:30  INFO 15884 --- [interview-simulator-backend] [nio-8080-exec-2] o.a.c.c.C.[Tomcat].[localhost].[/]       : Initializing Spring DispatcherServlet 'dispatcherServlet'
2026-04-18T18:17:44.343+05:30  INFO 15884 --- [interview-simulator-backend] [nio-8080-exec-2] o.s.web.servlet.DispatcherServlet        : Initializing Servlet 'dispatcherServlet'
2026-04-18T18:17:44.346+05:30  INFO 15884 --- [interview-simulator-backend] [nio-8080-exec-2] o.s.web.servlet.DispatcherServlet        : Completed initialization in 2 ms
